  main.cpp
c:\users\hca\documents\graficascomp\rotacion\main.cpp(2): warning C4067: símbolos (token) inesperados después de la directiva del preprocesador; se esperaba una nueva línea
c:\users\hca\documents\graficascomp\rotacion\main.cpp(31): error C2065: 'wcPt2D': identificador no declarado
c:\users\hca\documents\graficascomp\rotacion\main.cpp(31): error C2065: 'verts': identificador no declarado
c:\users\hca\documents\graficascomp\rotacion\main.cpp(31): error C2275: 'GLint': uso no válido de este tipo como expresión
  c:\program files (x86)\windows kits\8.1\include\um\gl\gl.h(53): note: vea la declaración de 'GLint'
c:\users\hca\documents\graficascomp\rotacion\main.cpp(31): error C2146: error de sintaxis: falta ')' delante del identificador 'nVerts'
c:\users\hca\documents\graficascomp\rotacion\main.cpp(31): error C2143: error de sintaxis: falta ';' delante de '{'
c:\users\hca\documents\graficascomp\rotacion\main.cpp(31): error C2447: '{': falta el encabezado de función (¿lista formal de estilo anterior?)
c:\users\hca\documents\graficascomp\rotacion\main.cpp(54): warning C4091: '': se ha omitido a la izquierda de 'fig [3]' cuando no hay ninguna variable declarada
c:\users\hca\documents\graficascomp\rotacion\main.cpp(54): error C2143: error de sintaxis: falta ';' delante de '['
c:\users\hca\documents\graficascomp\rotacion\main.cpp(54): error C3409: no se permite un bloque de atributos vacío
c:\users\hca\documents\graficascomp\rotacion\main.cpp(54): error C2143: error de sintaxis: falta ']' delante de 'constante'
c:\users\hca\documents\graficascomp\rotacion\main.cpp(54): error C2059: error de sintaxis: 'constante'
c:\users\hca\documents\graficascomp\rotacion\main.cpp(55): warning C4091: '': se ha omitido a la izquierda de 'fig [3]' cuando no hay ninguna variable declarada
c:\users\hca\documents\graficascomp\rotacion\main.cpp(55): error C2143: error de sintaxis: falta ';' delante de '['
c:\users\hca\documents\graficascomp\rotacion\main.cpp(55): error C3409: no se permite un bloque de atributos vacío
c:\users\hca\documents\graficascomp\rotacion\main.cpp(55): error C2143: error de sintaxis: falta ']' delante de 'constante'
c:\users\hca\documents\graficascomp\rotacion\main.cpp(55): error C2059: error de sintaxis: 'constante'
c:\users\hca\documents\graficascomp\rotacion\main.cpp(56): warning C4091: '': se ha omitido a la izquierda de 'fig [3]' cuando no hay ninguna variable declarada
c:\users\hca\documents\graficascomp\rotacion\main.cpp(56): error C2143: error de sintaxis: falta ';' delante de '['
c:\users\hca\documents\graficascomp\rotacion\main.cpp(56): error C3409: no se permite un bloque de atributos vacío
c:\users\hca\documents\graficascomp\rotacion\main.cpp(56): error C2143: error de sintaxis: falta ']' delante de 'constante'
c:\users\hca\documents\graficascomp\rotacion\main.cpp(56): error C2059: error de sintaxis: 'constante'
c:\users\hca\documents\graficascomp\rotacion\main.cpp(57): warning C4091: '': se ha omitido a la izquierda de 'fig [3]' cuando no hay ninguna variable declarada
c:\users\hca\documents\graficascomp\rotacion\main.cpp(57): error C2143: error de sintaxis: falta ';' delante de '['
c:\users\hca\documents\graficascomp\rotacion\main.cpp(57): error C3409: no se permite un bloque de atributos vacío
c:\users\hca\documents\graficascomp\rotacion\main.cpp(57): error C2143: error de sintaxis: falta ']' delante de 'constante'
c:\users\hca\documents\graficascomp\rotacion\main.cpp(57): error C2059: error de sintaxis: 'constante'
c:\users\hca\documents\graficascomp\rotacion\main.cpp(58): warning C4091: '': se ha omitido a la izquierda de 'fig [3]' cuando no hay ninguna variable declarada
c:\users\hca\documents\graficascomp\rotacion\main.cpp(58): error C2143: error de sintaxis: falta ';' delante de '['
c:\users\hca\documents\graficascomp\rotacion\main.cpp(58): error C3409: no se permite un bloque de atributos vacío
c:\users\hca\documents\graficascomp\rotacion\main.cpp(58): error C2143: error de sintaxis: falta ']' delante de 'constante'
c:\users\hca\documents\graficascomp\rotacion\main.cpp(58): error C2059: error de sintaxis: 'constante'
c:\users\hca\documents\graficascomp\rotacion\main.cpp(59): warning C4091: '': se ha omitido a la izquierda de 'fig [3]' cuando no hay ninguna variable declarada
c:\users\hca\documents\graficascomp\rotacion\main.cpp(59): error C2143: error de sintaxis: falta ';' delante de '['
c:\users\hca\documents\graficascomp\rotacion\main.cpp(59): error C3409: no se permite un bloque de atributos vacío
c:\users\hca\documents\graficascomp\rotacion\main.cpp(59): error C2143: error de sintaxis: falta ']' delante de 'constante'
c:\users\hca\documents\graficascomp\rotacion\main.cpp(59): error C2059: error de sintaxis: 'constante'
c:\users\hca\documents\graficascomp\rotacion\main.cpp(60): error C2143: error de sintaxis: falta ';' delante de '.'
c:\users\hca\documents\graficascomp\rotacion\main.cpp(60): error C2059: error de sintaxis: '.'
c:\users\hca\documents\graficascomp\rotacion\main.cpp(61): error C2143: error de sintaxis: falta ';' delante de '.'
c:\users\hca\documents\graficascomp\rotacion\main.cpp(61): error C2059: error de sintaxis: '.'
c:\users\hca\documents\graficascomp\rotacion\main.cpp(62): error C2275: 'vert': uso no válido de este tipo como expresión
  c:\users\hca\documents\graficascomp\rotacion\main.cpp(29): note: vea la declaración de 'vert'
c:\users\hca\documents\graficascomp\rotacion\main.cpp(62): error C2275: 'fig': uso no válido de este tipo como expresión
  c:\users\hca\documents\graficascomp\rotacion\main.cpp(29): note: vea la declaración de 'fig'
c:\users\hca\documents\graficascomp\rotacion\main.cpp(62): error C2065: 'pi': identificador no declarado
c:\users\hca\documents\graficascomp\rotacion\main.cpp(62): error C3861: 'rotatePolygon': no se encontró el identificador
